# JRE version: OpenJDK Runtime Environment Temurin-25.0.2+10 (25.0.2+10) (build 25.0.2+10-LTS)
# Java VM: OpenJDK 64-Bit Server VM Temurin-25.0.2+10 (25.0.2+10-LTS, mixed mode, emulated-client, sharing, tiered, compressed oops, compressed class ptrs, g1 gc, windows-amd64)
GC Precious Log:
 CardTable entry size: 512
 Card Set container configuration: InlinePtr #cards 4 size 8 Array Of Cards #cards 16 size 48 Howl #buckets 8 coarsen threshold 3686 Howl Bitmap #cards 512 size 80 coarsen threshold 460 Card regions per heap region 1 cards per card region 4096
 CPUs: 8 total, 8 available
 Memory: 16080M
 Large Page Support: Disabled
 NUMA Support: Disabled
 Compressed Oops: Enabled (Zero based)
 Heap Region Size: 2M
 Heap Min Capacity: 8M
 Heap Initial Capacity: 252M
 Heap Max Capacity: 4022M
 Pre-touch: Disabled
 Parallel Workers: 8
 Concurrent Workers: 2
 Concurrent Refinement Workers: 8
 Periodic GC: Disabled
Heap:
 garbage-first heap   total reserved 4118528K, committed 124928K, used 113864K [0x0000000704a00000, 0x0000000800000000)
  region size 2048K, 36 young (73728K), 1 survivors (2048K)
GC Heap Usage History (20 events):
Event: 17124.428 {heap After GC invocations=51 (full 1):
 garbage-first heap   total reserved 4118528K, committed 124928K, used 45776K [0x0000000704a00000, 0x0000000800000000)
  region size 2048K, 1 young (2048K), 1 survivors (2048K)
}
Event: 17567.704 {heap Before GC invocations=51 (full 1):
 garbage-first heap   total reserved 4118528K, committed 124928K, used 113360K [0x0000000704a00000, 0x0000000800000000)
  region size 2048K, 34 young (69632K), 1 survivors (2048K)
}
Event: 17567.707 {heap After GC invocations=52 (full 1):
 garbage-first heap   total reserved 4118528K, committed 124928K, used 45709K [0x0000000704a00000, 0x0000000800000000)
  region size 2048K, 1 young (2048K), 1 survivors (2048K)
}
Event: 17999.938 {heap Before GC invocations=53 (full 1):
 garbage-first heap   total reserved 4118528K, committed 124928K, used 113293K [0x0000000704a00000, 0x0000000800000000)
  region size 2048K, 34 young (69632K), 1 survivors (2048K)
}
Event: 17999.940 {heap After GC invocations=54 (full 1):
 garbage-first heap   total reserved 4118528K, committed 124928K, used 45824K [0x0000000704a00000, 0x0000000800000000)
  region size 2048K, 1 young (2048K), 1 survivors (2048K)
}
Event: 18417.245 {heap Before GC invocations=54 (full 1):
 garbage-first heap   total reserved 4118528K, committed 124928K, used 113408K [0x0000000704a00000, 0x0000000800000000)
  region size 2048K, 34 young (69632K), 1 survivors (2048K)
}
Event: 18417.256 {heap After GC invocations=55 (full 1):
 garbage-first heap   total reserved 4118528K, committed 124928K, used 44873K [0x0000000704a00000, 0x0000000800000000)
  region size 2048K, 1 young (2048K), 1 survivors (2048K)
}
Event: 18862.006 {heap Before GC invocations=55 (full 1):
 garbage-first heap   total reserved 4118528K, committed 124928K, used 114505K [0x0000000704a00000, 0x0000000800000000)
  region size 2048K, 35 young (71680K), 1 survivors (2048K)
}
Event: 18862.014 {heap After GC invocations=56 (full 1):
 garbage-first heap   total reserved 4118528K, committed 124928K, used 44792K [0x0000000704a00000, 0x0000000800000000)
  region size 2048K, 1 young (2048K), 1 survivors (2048K)
}
Event: 19303.489 {heap Before GC invocations=57 (full 1):
 garbage-first heap   total reserved 4118528K, committed 124928K, used 114424K [0x0000000704a00000, 0x0000000800000000)
  region size 2048K, 35 young (71680K), 1 survivors (2048K)
}
Event: 19303.495 {heap After GC invocations=58 (full 1):
 garbage-first heap   total reserved 4118528K, committed 124928K, used 44674K [0x0000000704a00000, 0x0000000800000000)
  region size 2048K, 1 young (2048K), 1 survivors (2048K)
}
Event: 19734.580 {heap Before GC invocations=58 (full 1):
 garbage-first heap   total reserved 4118528K, committed 124928K, used 114306K [0x0000000704a00000, 0x0000000800000000)
  region size 2048K, 35 young (71680K), 1 survivors (2048K)
}
Event: 19734.587 {heap After GC invocations=59 (full 1):
 garbage-first heap   total reserved 4118528K, committed 124928K, used 43211K [0x0000000704a00000, 0x0000000800000000)
  region size 2048K, 1 young (2048K), 1 survivors (2048K)
}
Event: 20181.330 {heap Before GC invocations=59 (full 1):
 garbage-first heap   total reserved 4118528K, committed 124928K, used 114891K [0x0000000704a00000, 0x0000000800000000)
  region size 2048K, 36 young (73728K), 1 survivors (2048K)
}
Event: 20181.335 {heap After GC invocations=60 (full 1):
 garbage-first heap   total reserved 4118528K, committed 124928K, used 43073K [0x0000000704a00000, 0x0000000800000000)
  region size 2048K, 1 young (2048K), 1 survivors (2048K)
}
Event: 20644.383 {heap Before GC invocations=61 (full 1):
 garbage-first heap   total reserved 4118528K, committed 124928K, used 114753K [0x0000000704a00000, 0x0000000800000000)
  region size 2048K, 36 young (73728K), 1 survivors (2048K)
}
Event: 20644.388 {heap After GC invocations=62 (full 1):
 garbage-first heap   total reserved 4118528K, committed 124928K, used 42881K [0x0000000704a00000, 0x0000000800000000)
  region size 2048K, 1 young (2048K), 1 survivors (2048K)
}
Event: 21099.144 {heap Before GC invocations=62 (full 1):
 garbage-first heap   total reserved 4118528K, committed 124928K, used 114561K [0x0000000704a00000, 0x0000000800000000)
  region size 2048K, 36 young (73728K), 1 survivors (2048K)
}
Event: 21099.151 {heap After GC invocations=63 (full 1):
 garbage-first heap   total reserved 4118528K, committed 124928K, used 42184K [0x0000000704a00000, 0x0000000800000000)
  region size 2048K, 1 young (2048K), 1 survivors (2048K)
}
Event: 21522.490 {heap Before GC invocations=63 (full 1):
 garbage-first heap   total reserved 4118528K, committed 124928K, used 113864K [0x0000000704a00000, 0x0000000800000000)
  region size 2048K, 36 young (73728K), 1 survivors (2048K)
}

