# JRE version: OpenJDK Runtime Environment Temurin-25.0.2+10 (25.0.2+10) (build 25.0.2+10-LTS)
# Java VM: OpenJDK 64-Bit Server VM Temurin-25.0.2+10 (25.0.2+10-LTS, mixed mode, emulated-client, sharing, tiered, compressed oops, compressed class ptrs, g1 gc, windows-amd64)
GC Precious Log:
 CardTable entry size: 512
 Card Set container configuration: InlinePtr #cards 4 size 8 Array Of Cards #cards 16 size 48 Howl #buckets 8 coarsen threshold 3686 Howl Bitmap #cards 512 size 80 coarsen threshold 460 Card regions per heap region 1 cards per card region 4096
 CPUs: 8 total, 8 available
 Memory: 16080M
 Large Page Support: Disabled
 NUMA Support: Disabled
 Compressed Oops: Enabled (Zero based)
 Heap Region Size: 2M
 Heap Min Capacity: 8M
 Heap Initial Capacity: 252M
 Heap Max Capacity: 4022M
 Pre-touch: Disabled
 Parallel Workers: 8
 Concurrent Workers: 2
 Concurrent Refinement Workers: 8
 Periodic GC: Disabled
Heap:
 garbage-first heap   total reserved 4118528K, committed 131072K, used 106510K [0x0000000704a00000, 0x0000000800000000)
  region size 2048K, 35 young (71680K), 4 survivors (8192K)
GC Heap Usage History (20 events):
Event: 14.493 {heap After GC invocations=21 (full 0):
 garbage-first heap   total reserved 4118528K, committed 131072K, used 42916K [0x0000000704a00000, 0x0000000800000000)
  region size 2048K, 2 young (4096K), 2 survivors (4096K)
}
Event: 14.952 {heap Before GC invocations=22 (full 0):
 garbage-first heap   total reserved 4118528K, committed 131072K, used 112548K [0x0000000704a00000, 0x0000000800000000)
  region size 2048K, 36 young (73728K), 2 survivors (4096K)
}
Event: 14.956 {heap After GC invocations=23 (full 0):
 garbage-first heap   total reserved 4118528K, committed 131072K, used 45135K [0x0000000704a00000, 0x0000000800000000)
  region size 2048K, 3 young (6144K), 3 survivors (6144K)
}
Event: 635.555 {heap Before GC invocations=23 (full 0):
 garbage-first heap   total reserved 4118528K, committed 131072K, used 114767K [0x0000000704a00000, 0x0000000800000000)
  region size 2048K, 37 young (75776K), 3 survivors (6144K)
}
Event: 635.580 {heap After GC invocations=24 (full 0):
 garbage-first heap   total reserved 4118528K, committed 131072K, used 46104K [0x0000000704a00000, 0x0000000800000000)
  region size 2048K, 4 young (8192K), 4 survivors (8192K)
}
Event: 758.584 {heap Before GC invocations=24 (full 0):
 garbage-first heap   total reserved 4118528K, committed 131072K, used 113688K [0x0000000704a00000, 0x0000000800000000)
  region size 2048K, 38 young (77824K), 4 survivors (8192K)
}
Event: 758.601 {heap After GC invocations=25 (full 0):
 garbage-first heap   total reserved 4118528K, committed 131072K, used 49421K [0x0000000704a00000, 0x0000000800000000)
  region size 2048K, 4 young (8192K), 4 survivors (8192K)
}
Event: 7392.740 {heap Before GC invocations=25 (full 0):
 garbage-first heap   total reserved 4118528K, committed 131072K, used 98573K [0x0000000704a00000, 0x0000000800000000)
  region size 2048K, 30 young (61440K), 4 survivors (8192K)
}
Event: 7392.777 {heap After GC invocations=26 (full 1):
 garbage-first heap   total reserved 4118528K, committed 131072K, used 34366K [0x0000000704a00000, 0x0000000800000000)
  region size 2048K, 0 young (0K), 0 survivors (0K)
}
Event: 7393.963 {heap Before GC invocations=26 (full 1):
 garbage-first heap   total reserved 4118528K, committed 131072K, used 110142K [0x0000000704a00000, 0x0000000800000000)
  region size 2048K, 38 young (77824K), 0 survivors (0K)
}
Event: 7393.969 {heap After GC invocations=27 (full 1):
 garbage-first heap   total reserved 4118528K, committed 131072K, used 44751K [0x0000000704a00000, 0x0000000800000000)
  region size 2048K, 5 young (10240K), 5 survivors (10240K)
}
Event: 7399.547 {heap Before GC invocations=28 (full 1):
 garbage-first heap   total reserved 4118528K, committed 131072K, used 61135K [0x0000000704a00000, 0x0000000800000000)
  region size 2048K, 14 young (28672K), 5 survivors (10240K)
}
Event: 7399.585 {heap After GC invocations=29 (full 2):
 garbage-first heap   total reserved 4118528K, committed 131072K, used 34587K [0x0000000704a00000, 0x0000000800000000)
  region size 2048K, 0 young (0K), 0 survivors (0K)
}
Event: 7400.154 {heap Before GC invocations=29 (full 2):
 garbage-first heap   total reserved 4118528K, committed 131072K, used 106267K [0x0000000704a00000, 0x0000000800000000)
  region size 2048K, 35 young (71680K), 0 survivors (0K)
}
Event: 7400.158 {heap After GC invocations=30 (full 2):
 garbage-first heap   total reserved 4118528K, committed 131072K, used 43000K [0x0000000704a00000, 0x0000000800000000)
  region size 2048K, 5 young (10240K), 5 survivors (10240K)
}
Event: 7438.686 {heap Before GC invocations=31 (full 2):
 garbage-first heap   total reserved 4118528K, committed 131072K, used 59384K [0x0000000704a00000, 0x0000000800000000)
  region size 2048K, 14 young (28672K), 5 survivors (10240K)
}
Event: 7438.723 {heap After GC invocations=32 (full 3):
 garbage-first heap   total reserved 4118528K, committed 131072K, used 35059K [0x0000000704a00000, 0x0000000800000000)
  region size 2048K, 0 young (0K), 0 survivors (0K)
}
Event: 7446.785 {heap Before GC invocations=32 (full 3):
 garbage-first heap   total reserved 4118528K, committed 131072K, used 104691K [0x0000000704a00000, 0x0000000800000000)
  region size 2048K, 35 young (71680K), 0 survivors (0K)
}
Event: 7446.789 {heap After GC invocations=33 (full 3):
 garbage-first heap   total reserved 4118528K, committed 131072K, used 43022K [0x0000000704a00000, 0x0000000800000000)
  region size 2048K, 4 young (8192K), 4 survivors (8192K)
}
Event: 7520.813 {heap Before GC invocations=34 (full 3):
 garbage-first heap   total reserved 4118528K, committed 131072K, used 106510K [0x0000000704a00000, 0x0000000800000000)
  region size 2048K, 35 young (71680K), 4 survivors (8192K)
}

